[2019-05-07 16:44:26] [info] Start Program:
Path:"C:\Users\Manuel\source\repos\Lab7-8OOP\Debug\Lab7-8OOP.exe"
Arguments:
Working directory: "C:\Users\Manuel\source\repos\Lab7-8OOP\Lab7-8OOP\"
Modules: Selected: C:\Users\Manuel\source\repos\Lab7-8OOP\Debug\Lab7-8OOP.exe Excluded: 
Sources: Selected: C:\Users\Manuel\source\repos\Lab7-8OOP\Lab7-8OOP Excluded: 
Log Level: Normal
Cover Children: 0
Aggregate by file: 1
Continue after C++ exception: 0
Optimized build support: 0
Export: Binary C:\Users\Manuel\AppData\Local\Temp\43kwlxkm.hnx 
Input coverage: 
Unified diff: 
Excluded line regular expressions: 
Substitute pdb source paths: 

[2019-05-07 16:44:26] [info] Module: C:\Users\Manuel\source\repos\Lab7-8OOP\Debug\Lab7-8OOP.exe is selected because it matches selected pattern: C:\Users\Manuel\source\repos\Lab7-8OOP\Debug\Lab7-8OOP.exe
[2019-05-07 16:44:28] [info] ----------------------------------------------------
[2019-05-07 16:44:28] [info] Coverage binary generated in file: C:\Users\Manuel\AppData\Local\Temp\43kwlxkm.hnx
[2019-05-07 16:44:28] [info] ----------------------------------------------------
