     1                                  bits 32
     2                                  
     3                                  global start
     4                                  
     5                                  extern exit, fopen, fclose, fprintf, scanf
     6                                  
     7                                  import exit msvcrt.dll
     8                                  import fopen msvcrt.dll
     9                                  import fclose msvcrt.dll
    10                                  import fprintf msvcrt.dll
    11                                  import scanf msvcrt.dll
    12                                  
    13                                  segment data use32 class=data
    14 00000000 <res 0000001E>                  nume_fisier     resb    30
    15 0000001E 00                              marca_final     db      0
    16 0000001F <res 00000078>                  text_fisier     resb    120
    17 00000097 00                              marca_final1    db      0
    18 00000098 7700                            mod_acces       db      'w', 0
    19 0000009A <res 00000004>                  descriptor      resd    1
    20 0000009E 257300                          mod_string      db      '%s', 0
    21                                  
    22                                  segment code use32 class=code
    23                                      start:
    24 00000000 68[00000000]                    push nume_fisier
    25 00000005 68[9E000000]                    push mod_string
    26 0000000A FF15[00000000]                  call [scanf]
    27 00000010 83C408                          add esp, 4 * 2
    28                                          
    29 00000013 68[1F000000]                    push text_fisier
    30 00000018 68[9E000000]                    push mod_string
    31 0000001D FF15[00000000]                  call [scanf]
    32 00000023 83C408                          add esp, 4 * 2
    33                                      
    34 00000026 68[98000000]                    push mod_acces
    35 0000002B 68[00000000]                    push nume_fisier
    36 00000030 FF15[00000000]                  call [fopen]
    37 00000036 83C408                          add esp, 4 * 2
    38                                          
    39 00000039 83F800                          cmp eax, 0
    40 0000003C 742D                            je final
    41 0000003E A3[9A000000]                    mov [descriptor], eax
    42                                          
    43 00000043 68[1F000000]                    push dword text_fisier
    44 00000048 68[9E000000]                    push dword mod_string
    45 0000004D FF35[9A000000]                  push dword [descriptor]
    46 00000053 FF15[00000000]                  call [fprintf]
    47 00000059 83C40C                          add esp, 4 * 3
    48                                          
    49 0000005C FF35[9A000000]                  push dword [descriptor]
    50 00000062 FF15[00000000]                  call [fclose]
    51 00000068 83C404                          add esp, 4 * 1
    52                                      
    53                                      
    54                                      final:
    55 0000006B 6A00                        push    dword 0      
    56 0000006D FF15[00000000]              call    [exit] 
