     1                                  bits 32 
     2                                  
     3                                  global start
     4                                  
     5                                  extern exit, fprintf, fopen, fclose     
     6                                  
     7                                  import exit msvcrt.dll    
     8                                  import scanf msvcrt.dll    
     9                                  import fprintf msvcrt.dll    
    10                                  import fopen msvcrt.dll    
    11                                  import fclose msvcrt.dll    
    12                                                         
    13                                  
    14                                  segment data use32 class=data
    15 00000000 746578742E74787400              nume_fisier     db      'text.txt', 0
    16 00000009 <res 00000004>                  descriptor      resd        1
    17 0000000D 7700                            mod_acces       db      'w', 0
    18 0000000F 416E61206369636120-             text            db    'Ana cica Are niste meris0ar3 f2in3 r$$$$u!', 0
    18 00000018 417265206E69737465-
    18 00000021 206D65726973306172-
    18 0000002A 33206632696E332072-
    18 00000033 24242424752100     
    19                                          len             equ      $ - text - 1
    20 0000003A 256300                          mod_caracter    db      '%c', 0
    21                                          
    22                                  
    23                                  segment code use32 class=code
    24                                      start:
    25                                          
    26 00000000 68[0D000000]                    push mod_acces
    27 00000005 68[00000000]                    push nume_fisier
    28 0000000A FF15[00000000]                  call [fopen]
    29 00000010 83C408                          add esp, 4 * 2
    30                                          
    31 00000013 83F800                          cmp eax, 0
    32 00000016 7438                            je final_program
    33                                          
    34 00000018 A3[09000000]                    mov [descriptor], eax
    35                                          
    36 0000001D B92A000000                      mov ecx, len
    37 00000022 BE[0F000000]                    mov esi, text
    38                                          
    39                                          while1:
    40 00000027 51                                  push ecx
    41 00000028 B800000000                          mov eax, 0
    42                                              
    43 0000002D AC                                  lodsb
    44 0000002E 3C61                                cmp al, 'a'
    45 00000030 7206                                jb final_loop
    46                                              
    47 00000032 3C7A                                cmp al, 'z'
    48 00000034 7702                                ja final_loop
    49                                              
    50 00000036 2C20                                sub al, 32
    51                                              
    52                                              final_loop:
    53 00000038 50                                  push eax
    54 00000039 68[3A000000]                        push mod_caracter
    55 0000003E FF35[09000000]                      push dword [descriptor]
    56 00000044 FF15[00000000]                      call [fprintf]
    57 0000004A 83C40C                              add esp, 4 * 3
    58                                              
    59 0000004D 59                                  pop ecx
    60 0000004E E2D7                                loop while1
    61                                          
    62                                          
    63                                          
    64                                          final_program:
    65 00000050 6A00                            push    dword 0      
    66 00000052 FF15[00000000]                  call    [exit]       
