     1                                  bits 32 
     2                                  
     3                                  global start        
     4                                  
     5                                  extern exit, scanf, printf, mate             
     6                                  import exit msvcrt.dll
     7                                  import scanf msvcrt.dll
     8                                  import printf msvcrt.dll
     9                                  
    10                                  segment data use32 class=data
    11 00000000 <res 00000004>              a       resd        1
    12 00000004 <res 00000004>              b       resd        1
    13 00000008 <res 00000004>              c       resd        1
    14 0000000C 61203D2000                  pt_a    db      'a = ', 0
    15 00000011 62203D2000                  pt_b    db      'b = ', 0
    16 00000016 63203D2000                  pt_c    db      'c = ', 0
    17 0000001B 256400                      mod_intreg  db    '%d', 0
    18                                  
    19                                  segment code use32 class=code
    20                                         
    21                                      start:
    22 00000000 68[0C000000]                    push pt_a
    23 00000005 FF15[00000000]                  call [printf]
    24 0000000B 83C404                          add esp, 4 * 1
    25                                          
    26 0000000E 68[00000000]                    push a
    27 00000013 68[1B000000]                    push mod_intreg
    28 00000018 FF15[00000000]                  call [scanf]
    29 0000001E 83C408                          add esp, 4 * 2
    30                                          
    31 00000021 68[11000000]                    push pt_b
    32 00000026 FF15[00000000]                  call [printf]
    33 0000002C 83C404                          add esp, 4 * 1
    34                                          
    35 0000002F 68[04000000]                    push b
    36 00000034 68[1B000000]                    push mod_intreg
    37 00000039 FF15[00000000]                  call [scanf]
    38 0000003F 83C408                          add esp, 4 * 2
    39                                          
    40 00000042 68[16000000]                    push pt_c
    41 00000047 FF15[00000000]                  call [printf]
    42 0000004D 83C404                          add esp, 4 * 1
    43                                          
    44 00000050 68[08000000]                    push c
    45 00000055 68[1B000000]                    push mod_intreg
    46 0000005A FF15[00000000]                  call [scanf]
    47 00000060 83C408                          add esp, 4 * 2
    48                                          
    49 00000063 FF35[00000000]                  push dword [a]
    50 00000069 FF35[04000000]                  push dword [b]
    51 0000006F FF35[08000000]                  push dword [c]
    52                                          
    53 00000075 E8(00000000)                    call mate
    54                                          
    55 0000007A 50                              push eax
    56 0000007B 68[1B000000]                    push mod_intreg
    57 00000080 FF15[00000000]                  call [printf]
    58 00000086 83C408                          add esp, 4 * 2
    59                                          
    60 00000089 6A00                            push    dword 0    
    61 0000008B FF15[00000000]                  call    [exit]     
