c:\users\manuel\source\repos\qtguiapplication5\qtguiapplication5\debug\moc_qtguiapplication5.obj
c:\users\manuel\source\repos\qtguiapplication5\qtguiapplication5\debug\qtguiapplication5.obj
c:\users\manuel\source\repos\qtguiapplication5\qtguiapplication5\debug\main.obj
c:\users\manuel\source\repos\qtguiapplication5\qtguiapplication5\debug\qrc_qtguiapplication5.obj
c:\users\manuel\source\repos\qtguiapplication5\qtguiapplication5\debug\vc141.pdb
c:\users\manuel\source\repos\qtguiapplication5\qtguiapplication5\debug\contract.obj
c:\users\manuel\source\repos\qtguiapplication5\qtguiapplication5\debug\graspcontroller.obj
c:\users\manuel\source\repos\qtguiapplication5\qtguiapplication5\debug\validator.obj
c:\users\manuel\source\repos\qtguiapplication5\qtguiapplication5\debug\actiuneundo.obj
c:\users\manuel\source\repos\qtguiapplication5\qtguiapplication5\debug\repofile.obj
c:\users\manuel\source\repos\qtguiapplication5\qtguiapplication5\debug\ui.obj
c:\users\manuel\source\repos\qtguiapplication5\qtguiapplication5\debug\disciplina.obj
c:\users\manuel\source\repos\qtguiapplication5\qtguiapplication5\debug\teste.obj
c:\users\manuel\source\repos\qtguiapplication5\qtguiapplication5\debug\excep.obj
c:\users\manuel\source\repos\qtguiapplication5\qtguiapplication5\debug\repository.obj
c:\users\manuel\source\repos\qtguiapplication5\win32\debug\qtguiapplication5.exe
c:\users\manuel\source\repos\qtguiapplication5\win32\debug\qtguiapplication5.ilk
c:\users\manuel\source\repos\qtguiapplication5\win32\debug\qtguiapplication5.pdb
c:\users\manuel\source\repos\qtguiapplication5\qtguiapplication5\.\generatedfiles\debug\moc_qtguiapplication5.cpp
c:\users\manuel\source\repos\qtguiapplication5\qtguiapplication5\generatedfiles\ui_qtguiapplication5.h
c:\users\manuel\source\repos\qtguiapplication5\qtguiapplication5\generatedfiles\qrc_qtguiapplication5.cpp
c:\users\manuel\source\repos\qtguiapplication5\qtguiapplication5\generatedfiles\debug\moc_qtguiapplication5.cpp
c:\users\manuel\source\repos\qtguiapplication5\qtguiapplication5\.\generatedfiles\qrc_qtguiapplication5.cpp
c:\users\manuel\source\repos\qtguiapplication5\qtguiapplication5\.\generatedfiles\ui_qtguiapplication5.h
c:\users\manuel\source\repos\qtguiapplication5\qtguiapplication5\debug\qtguiapp.b12702ad.tlog\cl.command.1.tlog
c:\users\manuel\source\repos\qtguiapplication5\qtguiapplication5\debug\qtguiapp.b12702ad.tlog\cl.read.1.tlog
c:\users\manuel\source\repos\qtguiapplication5\qtguiapplication5\debug\qtguiapp.b12702ad.tlog\cl.write.1.tlog
c:\users\manuel\source\repos\qtguiapplication5\qtguiapplication5\debug\qtguiapp.b12702ad.tlog\link.command.1.tlog
c:\users\manuel\source\repos\qtguiapplication5\qtguiapplication5\debug\qtguiapp.b12702ad.tlog\link.read.1.tlog
c:\users\manuel\source\repos\qtguiapplication5\qtguiapplication5\debug\qtguiapp.b12702ad.tlog\link.write.1.tlog
c:\users\manuel\source\repos\qtguiapplication5\qtguiapplication5\debug\qtguiapp.b12702ad.tlog\moc.read.1u.tlog
c:\users\manuel\source\repos\qtguiapplication5\qtguiapplication5\debug\qtguiapp.b12702ad.tlog\moc.write.1u.tlog
c:\users\manuel\source\repos\qtguiapplication5\qtguiapplication5\debug\qtguiapp.b12702ad.tlog\qtguiapplication5.write.1u.tlog
c:\users\manuel\source\repos\qtguiapplication5\qtguiapplication5\debug\qtguiapp.b12702ad.tlog\rcc.read.1u.tlog
c:\users\manuel\source\repos\qtguiapplication5\qtguiapplication5\debug\qtguiapp.b12702ad.tlog\rcc.write.1u.tlog
c:\users\manuel\source\repos\qtguiapplication5\qtguiapplication5\debug\qtguiapp.b12702ad.tlog\uic.read.1u.tlog
c:\users\manuel\source\repos\qtguiapplication5\qtguiapplication5\debug\qtguiapp.b12702ad.tlog\uic.write.1u.tlog
