     1                                  ;Se dau doua numere naturale a si b (a, b: dword, definite in segmentul de date). Sa se calculeze suma lor si sa se afiseze in urmatorul format: "<a> + <b> = <result>"
     2                                  ;Exemplu: "1 + 2 = 3"
     3                                  ;Valorile vor fi afisate in format decimal (baza 10) cu semn.
     4                                  
     5                                  bits 32
     6                                  
     7                                  global start        
     8                                  
     9                                  extern exit, scanf, printf
    10                                        
    11                                  import exit msvcrt.dll
    12                                  import scanf msvcrt.dll
    13                                  import printf msvcrt.dll
    14                                  
    15                                  segment data use32 class=data
    16 00000000 <res 00000004>              a       resd    1
    17 00000004 <res 00000004>              b       resd    1
    18 00000008 <res 00000004>              result  resd    1
    19 0000000C 2564256400                  format_citire  db    '%d%d', 0
    20 00000011 2564202B202564203D-         format_afisare  db    '%d + %d = %d', 0
    20 0000001A 20256400           
    21                                      
    22                                      
    23                                  segment code use32 class=code
    24                                      start:
    25 00000000 B806000000                      mov eax, 6
    26 00000005 BBFAFFFFFF                      mov ebx, -6
    27 0000000A 01D8                            add eax, ebx
    28                                          
    29                                          
    30 0000000C 6A00                            push    dword 0
    31 0000000E FF15[00000000]                  call    [exit]
