     1                                  bits 32
     2                                  
     3                                  global start        
     4                                  
     5                                  extern exit, scanf, printf
     6                                        
     7                                  import exit msvcrt.dll
     8                                  import scanf msvcrt.dll
     9                                  import printf msvcrt.dll
    10                                  
    11                                  segment data use32 class=data
    12 00000000 256400                      format  db      '%d', 0
    13 00000003 <res 00000004>              nr      resd    1
    14 00000007 FFFFFFFF                    max     dd      0FFFFFFFFh
    15                                      
    16                                      
    17                                      
    18                                  segment code use32 class=code
    19                                      start:
    20                                      
    21                                      whilee:
    22 00000000 68[03000000]                    push nr
    23 00000005 68[00000000]                    push format
    24 0000000A FF15[00000000]                  call [scanf]
    25 00000010 83C408                          add esp, 4 * 2
    26                                          
    27 00000013 A1[03000000]                    mov eax, [nr]
    28 00000018 83F800                          cmp eax, 0
    29 0000001B 740F                            jz final
    30                                          
    31 0000001D 3B05[07000000]                  cmp eax, [max]
    32                                          
    33 00000023 7EDB                            jle whilee
    34                                          
    35 00000025 A3[07000000]                    mov [max], eax
    36                                          
    37 0000002A EBD4                            jmp whilee
    38                                          
    39                                      final:
    40 0000002C FF35[07000000]                  push dword [max]
    41 00000032 68[00000000]                    push format
    42 00000037 FF15[00000000]                  call [printf]
    43 0000003D 83C408                          add esp, 4 * 2
    44                                          
    45 00000040 6A00                            push    dword 0
    46 00000042 FF15[00000000]                  call    [exit]
