     1                                  bits 32
     2                                  
     3                                  global start        
     4                                  
     5                                  extern exit, scanf, printf
     6                                        
     7                                  import exit msvcrt.dll
     8                                  import scanf msvcrt.dll
     9                                  import printf msvcrt.dll
    10                                  
    11                                  segment data use32 class=data
    12 00000000 <res 00000001>              a   resb    1
    13 00000001 257800                      format    db  '%x', 0
    14 00000004 4E756D6172756C2066-         format1   db  'Numarul fara semn este %u', 0
    14 0000000D 6172612073656D6E20-
    14 00000016 6573746520257500   
    15 0000001E 4E756D6172756C2063-         format2   db  'Numarul cu semn este %d', 0
    15 00000027 752073656D6E206573-
    15 00000030 746520256400       
    16 00000036 0A000000                    nr        dd 10
    17                                      
    18                                      
    19                                  segment code use32 class=code
    20                                      start:
    21 00000000 68[00000000]                    push a
    22 00000005 68[01000000]                    push format
    23 0000000A FF15[00000000]                  call [scanf]
    24 00000010 83C408                          add esp, 4 * 2
    25                                          
    26 00000013 B800000000                      mov eax, 0
    27 00000018 A0[00000000]                    mov al, [a]
    28                                          
    29 0000001D 50                              push eax
    30 0000001E 68[04000000]                    push format1
    31 00000023 FF15[00000000]                  call [printf]
    32 00000029 83C408                          add esp, 4 * 2
    33                                          
    34 0000002C 68[36000000]                    push nr
    35 00000031 FF15[00000000]                  call [printf]
    36 00000037 83C404                          add esp, 4 * 1
    37                                          
    38 0000003A A0[00000000]                    mov al, [a]
    39 0000003F 6698                            cbw
    40 00000041 98                              cwde
    41                                          
    42 00000042 50                              push eax
    43 00000043 68[1E000000]                    push format2
    44 00000048 FF15[00000000]                  call [printf]
    45 0000004E 83C408                          add esp, 4 * 2
    46                                          
    47 00000051 6A00                            push    dword 0
    48 00000053 FF15[00000000]                  call    [exit]
