     1                                  bits 32
     2                                  
     3                                  global start        
     4                                  
     5                                  extern exit, scanf, printf
     6                                               
     7                                  import exit msvcrt.dll
     8                                  import scanf msvcrt.dll
     9                                  import printf msvcrt.dll
    10                                  
    11                                  
    12                                  segment data use32 class=data
    13 00000000 <res 00000002>              a   resw    1
    14 00000002 <res 00000002>              b   resw    1
    15 00000004 2564256400                  format_citire      db   '%d%d', 0
    16 00000009 257800                      format_afisare     db   '%x', 0
    17                                      
    18                                  segment code use32 class=code
    19                                      start:
    20                                          
    21 00000000 68[02000000]                    push b
    22 00000005 68[00000000]                    push a
    23 0000000A 68[04000000]                    push format_citire
    24 0000000F FF15[00000000]                  call [scanf]
    25                                          
    26 00000015 66A1[00000000]                  mov ax, [a]
    27 0000001B 668B1D[02000000]                mov bx, [b]
    28 00000022 6629D8                          sub ax, bx
    29                                          
    30 00000025 6650                            push ax
    31                                          
    32 00000027 66A1[00000000]                  mov ax, [a]      
    33 0000002D 668B1D[02000000]                mov bx, [b]
    34                                          
    35 00000034 6601D8                          add ax, bx
    36                                          
    37 00000037 6650                            push ax
    38                                          
    39 00000039 68[09000000]                    push format_afisare
    40 0000003E FF15[00000000]                  call [printf]
    41 00000044 6A00                            push    dword 0
    42 00000046 FF15[00000000]                  call    [exit]
