     1                                  bits 32
     2                                  
     3                                  global start        
     4                                  
     5                                  extern exit, scanf, printf
     6                                        
     7                                  import exit msvcrt.dll
     8                                  import scanf msvcrt.dll
     9                                  import printf msvcrt.dll
    10                                  
    11                                  segment data use32 class=data
    12 00000000 <res 00000004>              a       resd    1
    13 00000004 256400                      format_citire  db    '%d', 0
    14 00000007 61203D202564286261-         format_afisare  db    'a = %d(baza 10), a = %x(baza 16)', 0
    14 00000010 7A61203130292C2061-
    14 00000019 203D2025782862617A-
    14 00000022 612031362900       
    15                                      
    16                                  segment code use32 class=code
    17                                      start:
    18 00000000 68[00000000]                    push a
    19 00000005 68[04000000]                    push format_citire
    20 0000000A FF15[00000000]                  call [scanf]
    21 00000010 83C408                          add esp, 4 * 2
    22                                          
    23 00000013 FF35[00000000]                  push dword [a]
    24 00000019 FF35[00000000]                  push dword [a]
    25 0000001F 68[07000000]                    push format_afisare
    26 00000024 FF15[00000000]                  call [printf]
    27 0000002A 83C408                          add esp, 4 * 2        
    28                                          
    29 0000002D 6A00                            push    dword 0
    30 0000002F FF15[00000000]                  call    [exit]
