     1                                  bits 32 ; assembling for the 32 bits architecture
     2                                  
     3                                  ; declare the EntryPoint (a label defining the very first instruction of the program)
     4                                  global start        
     5                                  
     6                                  ; declare external functions needed by our program
     7                                  extern exit, printf     ; tell nasm that exit exists even if we won't be defining it
     8                                  import exit msvcrt.dll
     9                                  import printf msvcrt.dll    ; exit is a function that ends the calling process. It is defined in msvcrt.dll
    10                                                            ; msvcrt.dll contains exit, printf and all the other important C-runtime specific functions
    11                                  
    12                                  ; our data is declared here (the variables needed by our program)
    13                                  segment data use32 class=data
    14                                      ; ...
    15 00000000 256400                      format db "%d", 0
    16                                  
    17                                  ; our code starts here
    18                                  segment code use32 class=code
    19                                      start:
    20                                          ; ..
    21                                      
    22                                          
    23 00000000 B805000000                      mov eax, 5
    24 00000005 50                              push dword eax
    25 00000006 68[00000000]                    push dword format
    26 0000000B FF15[00000000]                  call [printf]
    27 00000011 83C408                          add esp, 4 * 2
    28                                          
    29 00000014 50                               push dword eax
    30 00000015 68[00000000]                        push dword format
    31 0000001A FF15[00000000]                      call [printf]
    32                                              
    33 00000020 83C408                              add esp, 4*2
    34                                      
    35                                      
    36                                          ; exit(0)
    37 00000023 6A00                            push    dword 0      ; push the parameter for exit onto the stack
    38 00000025 FF15[00000000]                  call    [exit]       ; call exit to terminate the program
