     1                                  bits 32 
     2                                  
     3                                  global start
     4                                  
     5                                  extern exit, scanf, fprintf, fopen, fclose     
     6                                  
     7                                  import exit msvcrt.dll    
     8                                  import scanf msvcrt.dll    
     9                                  import fprintf msvcrt.dll    
    10                                  import fopen msvcrt.dll    
    11                                  import fclose msvcrt.dll    
    12                                                         
    13                                  
    14                                  segment data use32 class=data
    15 00000000 746578742E74787400              nume_fisier     db      'text.txt', 0
    16 00000009 <res 00000004>                  descriptor      resd        1
    17 0000000D 7700                            mod_acces       db      'w', 0
    18 0000000F 256400                          mod_intreg      db      '%d', 0
    19 00000012 <res 00000004>                  nr             resd         1
    20                                          
    21                                  
    22                                  segment code use32 class=code
    23                                      start:
    24                                          
    25 00000000 68[0D000000]                    push mod_acces
    26 00000005 68[00000000]                    push nume_fisier
    27 0000000A FF15[00000000]                  call [fopen]
    28 00000010 83C408                          add esp, 4 * 2
    29                                          
    30 00000013 83F800                          cmp eax, 0
    31 00000016 743E                            je final_program
    32                                          
    33 00000018 A3[09000000]                    mov [descriptor], eax
    34                                          
    35                                          while1:
    36 0000001D 68[12000000]                        push nr
    37 00000022 68[0F000000]                        push mod_intreg
    38 00000027 FF15[00000000]                      call [scanf]
    39 0000002D 83C408                              add esp, 4 * 2
    40                                              
    41 00000030 A1[12000000]                        mov eax, [nr]
    42 00000035 83F800                              cmp eax, 0
    43 00000038 741C                                je final_program
    44                                              
    45 0000003A FF35[12000000]                      push dword [nr]
    46 00000040 68[0F000000]                        push mod_intreg
    47 00000045 FF35[09000000]                      push dword [descriptor]
    48 0000004B FF15[00000000]                      call [fprintf]
    49 00000051 83C40C                              add esp, 4 * 3
    50                                              
    51 00000054 EBC7                                jmp while1
    52                                          
    53                                          
    54                                          
    55                                          final_program:
    56                                          
    57 00000056 6A00                            push    dword 0      
    58 00000058 FF15[00000000]                  call    [exit]       
