     1                                  bits 32 ; assembling for the 32 bits architecture
     2                                  
     3                                  ; declare the EntryPoint (a label defining the very first instruction of the program)
     4                                  global start        
     5                                  
     6                                  ; declare external functions needed by our program
     7                                  extern exit               ; tell nasm that exit exists even if we won't be defining it
     8                                  import exit msvcrt.dll    ; exit is a function that ends the calling process. It is defined in msvcrt.dll
     9                                                            ; msvcrt.dll contains exit, printf and all the other important C-runtime specific functions
    10                                  
    11                                  ; our data is declared here (the variables needed by our program)
    12                                  segment data use32 class=data
    13 00000000 313262                      j db '1', '2b'
    14 00000003 32624100                    k dw '2b', 'A'
    15 00000007 61620000332C630032-         l dd 'ab', '3,c', '2b'
    15 00000010 620000             
    16                                      m equ $
    17                                  
    18                                  ; our code starts here
    19                                  segment code use32 class=code
    20                                      start:
    21                                          
    22                                      
    23                                          ; exit(0)
    24 00000000 6A00                            push    dword 0      ; push the parameter for exit onto the stack
    25 00000002 FF15[00000000]                  call    [exit]       ; call exit to terminate the program
