[2019-03-26 16:50:12] [info] Start Program:
Path:"C:\Users\Manuel\source\repos\Implementare_Coada\Debug\Implementare_Coada.exe"
Arguments:
Working directory: "C:\Users\Manuel\source\repos\Implementare_Coada\Implementare_Coada\"
Modules: Selected: C:\Users\Manuel\source\repos\Implementare_Coada\Debug\Implementare_Coada.exe Excluded: 
Sources: Selected: C:\Users\Manuel\source\repos\Implementare_Coada\Implementare_Coada Excluded: 
Log Level: Normal
Cover Children: 0
Aggregate by file: 1
Continue after C++ exception: 0
Optimized build support: 0
Export: Binary C:\Users\Manuel\AppData\Local\Temp\wznssp24.v2n 
Input coverage: 
Unified diff: 
Excluded line regular expressions: 
Substitute pdb source paths: 

[2019-03-26 16:50:12] [info] Module: C:\Users\Manuel\source\repos\Implementare_Coada\Debug\Implementare_Coada.exe is selected because it matches selected pattern: C:\Users\Manuel\source\repos\Implementare_Coada\Debug\Implementare_Coada.exe
[2019-03-26 16:50:12] [info] ----------------------------------------------------
[2019-03-26 16:50:12] [info] Coverage binary generated in file: C:\Users\Manuel\AppData\Local\Temp\wznssp24.v2n
[2019-03-26 16:50:12] [info] ----------------------------------------------------
